e:\code projects\githubrepos\sdd_2022\[exam_prep]\[exam_prep]\debug\vc143.pdb
e:\code projects\githubrepos\sdd_2022\[exam_prep]\[exam_prep]\debug\vc143.idb
e:\code projects\githubrepos\sdd_2022\[exam_prep]\[exam_prep]\debug\stack.obj
e:\code projects\githubrepos\sdd_2022\[exam_prep]\[exam_prep]\debug\queue.obj
e:\code projects\githubrepos\sdd_2022\[exam_prep]\[exam_prep]\debug\priorityqueue.obj
e:\code projects\githubrepos\sdd_2022\[exam_prep]\[exam_prep]\debug\list_simple_nonc.obj
e:\code projects\githubrepos\sdd_2022\[exam_prep]\[exam_prep]\debug\list_simple_c_tail.obj
e:\code projects\githubrepos\sdd_2022\[exam_prep]\[exam_prep]\debug\list_simple_c.obj
e:\code projects\githubrepos\sdd_2022\[exam_prep]\[exam_prep]\debug\list_double_nonc_headtail.obj
e:\code projects\githubrepos\sdd_2022\[exam_prep]\[exam_prep]\debug\z.nodeinfo.obj
e:\code projects\githubrepos\sdd_2022\[exam_prep]\[exam_prep]\debug\source.obj
e:\code projects\githubrepos\sdd_2022\[exam_prep]\[exam_prep]\debug\[exam_prep].ilk
e:\code projects\githubrepos\sdd_2022\[exam_prep]\debug\[exam_prep].exe
e:\code projects\githubrepos\sdd_2022\[exam_prep]\debug\[exam_prep].pdb
e:\code projects\githubrepos\sdd_2022\[exam_prep]\[exam_prep]\debug\[exam_prep].tlog\cl.command.1.tlog
e:\code projects\githubrepos\sdd_2022\[exam_prep]\[exam_prep]\debug\[exam_prep].tlog\cl.read.1.tlog
e:\code projects\githubrepos\sdd_2022\[exam_prep]\[exam_prep]\debug\[exam_prep].tlog\cl.write.1.tlog
e:\code projects\githubrepos\sdd_2022\[exam_prep]\[exam_prep]\debug\[exam_prep].tlog\link.command.1.tlog
e:\code projects\githubrepos\sdd_2022\[exam_prep]\[exam_prep]\debug\[exam_prep].tlog\link.read.1.tlog
e:\code projects\githubrepos\sdd_2022\[exam_prep]\[exam_prep]\debug\[exam_prep].tlog\link.write.1.tlog
