  List_Double_NonC_HeadTail.cpp
  List_Simple_C.cpp
  List_Simple_C.h
  List_Simple_C_Tail.cpp
  List_Simple_NonC.cpp
  PriorityQueue.cpp
  Queue.cpp
  Stack.cpp
  Generating Code...
  Source.c
E:\Code Projects\GitHubRepos\sdd_2022\[exam_prep]\[exam_prep]\PriorityQueue\PriorityQueue.h(74,29): warning C4047: 'function': 'int' differs in levels of indirection from 'void *'
E:\Code Projects\GitHubRepos\sdd_2022\[exam_prep]\[exam_prep]\PriorityQueue\PriorityQueue.h(74,25): warning C4024: 'memset': different types for formal and actual parameter 2
E:\Code Projects\GitHubRepos\sdd_2022\[exam_prep]\[exam_prep]\PriorityQueue\PriorityQueue.h(82,20): warning C4047: 'function': 'int' differs in levels of indirection from 'void *'
E:\Code Projects\GitHubRepos\sdd_2022\[exam_prep]\[exam_prep]\PriorityQueue\PriorityQueue.h(82,16): warning C4024: 'memset': different types for formal and actual parameter 2
E:\Code Projects\GitHubRepos\sdd_2022\[exam_prep]\[exam_prep]\PriorityQueue\PriorityQueue.h(104,30): warning C4047: 'function': 'int' differs in levels of indirection from 'void *'
E:\Code Projects\GitHubRepos\sdd_2022\[exam_prep]\[exam_prep]\PriorityQueue\PriorityQueue.h(104,26): warning C4024: 'memset': different types for formal and actual parameter 2
E:\Code Projects\GitHubRepos\sdd_2022\[exam_prep]\[exam_prep]\PriorityQueue\PriorityQueue.h(112,20): warning C4047: 'function': 'int' differs in levels of indirection from 'void *'
E:\Code Projects\GitHubRepos\sdd_2022\[exam_prep]\[exam_prep]\PriorityQueue\PriorityQueue.h(112,16): warning C4024: 'memset': different types for formal and actual parameter 2
  z.NodeInfo.c
  Generating Code...
Debug\List_Simple_C.obj : warning LNK4042: object specified more than once; extras ignored
  [exam_prep].vcxproj -> E:\Code Projects\GitHubRepos\sdd_2022\[exam_prep]\Debug\[exam_prep].exe
